src/PeerDeviceNet_Core/proguard-project.txt
# To enable ProGuard in your project, edit project.properties
# to define the proguard.config property as described in that file.
#
# Add project specific ProGuard rules here.
# By default, the flags in this file are appended to flags specified
# in ${sdk.dir}/tools/proguard/proguard-android.txt
# You can edit the include path and order by changing the ProGuard
# include property in project.properties.
#
# For more details, see
#   http://developer.android.com/guide/developing/tools/proguard.html

# Add any project specific keep options here:

# If your project uses WebView with JS, uncomment the following
# and specify the fully qualified class name to the JavaScript interface
# class:
#-keepclassmembers class fqcn.of.javascript.interface.for.webview {
#   public *;
#}
-optimizations !code/simplification/cast,!code/allocation/*,!field/*,!class/merging/*
-optimizationpasses 5
-allowaccessmodification
-dontpreverify

# The remainder of this file is identical to the non-optimized version
# of the Proguard configuration file (except that the other file has
# flags to turn off optimization).

-dontusemixedcaseclassnames
-dontskipnonpubliclibraryclasses
-verbose

-keepattributes *Annotation*
-keep public class com.google.vending.licensing.ILicensingService
-keep public class com.android.vending.licensing.ILicensingService

# ADDED
-keep class com.google.zxing.client.android.camera.open.**
#-keep class com.google.zxing.client.android.camera.exposure.**
-keep class com.google.zxing.client.android.common.executor.**

# For native methods, see http://proguard.sourceforge.net/manual/examples.html#native
-keepclasseswithmembernames class * {
    native <methods>;
}

# keep setters in Views so that animations can still work.
# see http://proguard.sourceforge.net/manual/examples.html#beans
-keepclassmembers public class * extends android.view.View {
   void set*(***);
   *** get*();
}

# We want to keep methods in Activity that could be used in the XML attribute onClick
-keepclassmembers class * extends android.app.Activity {
   public void *(android.view.View);
}

# For enumeration classes, see http://proguard.sourceforge.net/manual/examples.html#enumerations
-keepclassmembers enum * {
    public static **[] values();
    public static ** valueOf(java.lang.String);
}

-keep class * implements android.os.Parcelable {
  public static final android.os.Parcelable$Creator *;
}

-keepclassmembers class **.R$* {
    public static <fields>;
}

# The support library contains references to newer platform versions.
# Don't warn about those in case this app is linking against an older
# platform version.  We know about them, and they are safe.
-dontwarn android.support.**

-keep class com.xconns.peerdevicenet.cm.ConnectionsPreferenceFragment
-keep class com.xconns.peerdevicenet.cm.ActionsPreferenceFragment
-keep class com.xconns.peerdevicenet.cm.ConnectionSettingsPreferenceFragment

-keep public class com.mobclix.android.sdk.*
-keep class com.mobclix.android.sdk.MobclixContactsSdk3_4
-keep class com.mobclix.android.sdk.MobclixContactsSdk5
-keep class com.mobclix.android.sdk.MobclixWebViewClientSdk11
-keepclassmembers class com.mobclix.android.sdk.MobclixWebViewClientSdk11
{
  <init>(...);
  public void *(...);
}
-keep class com.mobclix.android.sdk.MobclixWebChromeClientSdk5
-keepclassmembers class com.mobclix.android.sdk.MobclixWebChromeClientSdk5
{
  <init>(...);
  public void *(...);
}
-keep class com.mobclix.android.sdk.MobclixWebChromeClientSdk7
-keepclassmembers class com.mobclix.android.sdk.MobclixWebChromeClientSdk7
{
  <init>(...);
  public void *(...);
}
-keep class com.mobclix.android.sdk.MobclixJavascriptInterface
-keepclassmembers class com.mobclix.android.sdk.MobclixJavascriptInterface
{
public void *(...);
<methods>;
}
-keepclassmembernames class
com.mobclix.android.sdk.MobclixJavascriptInterface {
public void *(...);
<methods>;
}