src/PeerDeviceNet_Core/proguard/seeds.txt
com.xconns.peerdevicenet.core.R$array: int config_nets_entries
com.xconns.peerdevicenet.core.R$array: int config_nets_values
com.xconns.peerdevicenet.core.R$array: int conn_timeout_entries
com.xconns.peerdevicenet.core.R$array: int conn_timeout_values
com.xconns.peerdevicenet.core.R$array: int country_codes
com.xconns.peerdevicenet.core.R$array: int live_timeout_entries
com.xconns.peerdevicenet.core.R$array: int live_timeout_values
com.xconns.peerdevicenet.core.R$array: int max_sessions_entries
com.xconns.peerdevicenet.core.R$array: int max_sessions_values
com.xconns.peerdevicenet.core.R$array: int preferences_front_light_options
com.xconns.peerdevicenet.core.R$array: int preferences_front_light_values
com.xconns.peerdevicenet.core.R$array: int search_timeout_entries
com.xconns.peerdevicenet.core.R$array: int search_timeout_values
com.xconns.peerdevicenet.core.R$color: int contents_text
com.xconns.peerdevicenet.core.R$color: int encode_view
com.xconns.peerdevicenet.core.R$color: int possible_result_points
com.xconns.peerdevicenet.core.R$color: int result_minor_text
com.xconns.peerdevicenet.core.R$color: int result_points
com.xconns.peerdevicenet.core.R$color: int result_text
com.xconns.peerdevicenet.core.R$color: int result_view
com.xconns.peerdevicenet.core.R$color: int status_text
com.xconns.peerdevicenet.core.R$color: int transparent
com.xconns.peerdevicenet.core.R$color: int viewfinder_laser
com.xconns.peerdevicenet.core.R$color: int viewfinder_mask
com.xconns.peerdevicenet.core.R$dimen: int half_padding
com.xconns.peerdevicenet.core.R$dimen: int standard_padding
com.xconns.peerdevicenet.core.R$drawable: int ads
com.xconns.peerdevicenet.core.R$drawable: int button_bk
com.xconns.peerdevicenet.core.R$drawable: int cancel16x16
com.xconns.peerdevicenet.core.R$drawable: int cancel22x22
com.xconns.peerdevicenet.core.R$drawable: int cancel32x32
com.xconns.peerdevicenet.core.R$drawable: int cancel_background
com.xconns.peerdevicenet.core.R$drawable: int launcher_icon
com.xconns.peerdevicenet.core.R$drawable: int passwd_bk
com.xconns.peerdevicenet.core.R$drawable: int router_icon
com.xconns.peerdevicenet.core.R$drawable: int share_via_barcode
com.xconns.peerdevicenet.core.R$drawable: int shopper_icon
com.xconns.peerdevicenet.core.R$id: int autoconn
com.xconns.peerdevicenet.core.R$id: int autofind
com.xconns.peerdevicenet.core.R$id: int barcode_image_view
com.xconns.peerdevicenet.core.R$id: int button_dismiss
com.xconns.peerdevicenet.core.R$id: int button_enter
com.xconns.peerdevicenet.core.R$id: int cmd_progress
com.xconns.peerdevicenet.core.R$id: int contents_supplement_text_view
com.xconns.peerdevicenet.core.R$id: int contents_text_view
com.xconns.peerdevicenet.core.R$id: int decode
com.xconns.peerdevicenet.core.R$id: int decode_failed
com.xconns.peerdevicenet.core.R$id: int decode_succeeded
com.xconns.peerdevicenet.core.R$id: int encode_btn
com.xconns.peerdevicenet.core.R$id: int encode_view
com.xconns.peerdevicenet.core.R$id: int field1
com.xconns.peerdevicenet.core.R$id: int field2
com.xconns.peerdevicenet.core.R$id: int format_text_view
com.xconns.peerdevicenet.core.R$id: int group_close
com.xconns.peerdevicenet.core.R$id: int group_passwd
com.xconns.peerdevicenet.core.R$id: int group_prog
com.xconns.peerdevicenet.core.R$id: int group_qrcode
com.xconns.peerdevicenet.core.R$id: int group_role
com.xconns.peerdevicenet.core.R$id: int group_type
com.xconns.peerdevicenet.core.R$id: int hotspot_locked_info
com.xconns.peerdevicenet.core.R$id: int image_view
com.xconns.peerdevicenet.core.R$id: int label1
com.xconns.peerdevicenet.core.R$id: int label2
com.xconns.peerdevicenet.core.R$id: int launch_product_query
com.xconns.peerdevicenet.core.R$id: int leader
...
com.google.zxing.client.android.R$string: int button_ok
com.google.zxing.client.android.R$string: int msg_default_status
com.google.zxing.client.android.R$string: int preferences_supplemental_summary
com.google.zxing.client.android.R$string: int preferences_front_light_off
com.google.zxing.client.android.R$string: int preferences_general_title
com.google.zxing.client.android.R$string: int preferences_remember_duplicates_summary
com.google.zxing.client.android.R$string: int button_get_directions
com.google.zxing.client.android.R$string: int msg_default_format
com.google.zxing.client.android.R$string: int preferences_scanning_title
com.google.zxing.client.android.R$string: int preferences_disable_exposure_title
com.google.zxing.client.android.R$string: int button_back
com.google.zxing.client.android.R$string: int preferences_custom_product_search_title
com.google.zxing.client.android.R$string: int preferences_try_bsplus
com.google.zxing.client.android.R$string: int preferences_device_bug_workarounds_title
com.google.zxing.client.android.R$string: int msg_unmount_usb
com.google.zxing.client.android.R$string: int preferences_disable_continuous_focus_summary
com.google.zxing.client.android.R$string: int preferences_front_light_title
com.google.zxing.client.android.R$string: int preferences_auto_focus_title
com.google.zxing.client.android.R$string: int button_open_browser
com.google.zxing.client.android.R$string: int msg_default_type
com.google.zxing.client.android.R$xml: int preferences
com.google.zxing.client.android.ViewfinderView
com.google.zxing.client.android.ViewfinderView: ViewfinderView(android.content.Context,android.util.AttributeSet)
com.google.zxing.client.android.ViewfinderView: void setCameraManager(com.google.zxing.client.android.camera.CameraManager)
com.google.zxing.client.android.camera.FrontLightMode: com.google.zxing.client.android.camera.FrontLightMode[] values()
com.google.zxing.client.android.camera.FrontLightMode: com.google.zxing.client.android.camera.FrontLightMode valueOf(java.lang.String)
com.google.zxing.client.android.camera.open.DefaultOpenCameraInterface
com.google.zxing.client.android.camera.open.GingerbreadOpenCameraInterface
com.google.zxing.client.android.camera.open.OpenCameraInterface
com.google.zxing.client.android.camera.open.OpenCameraManager
com.google.zxing.client.android.common.executor.AsyncTaskExecInterface
com.google.zxing.client.android.common.executor.AsyncTaskExecManager
com.google.zxing.client.android.common.executor.DefaultAsyncTaskExecInterface
com.google.zxing.client.android.common.executor.HoneycombAsyncTaskExecInterface
com.google.zxing.client.result.ParsedResultType: com.google.zxing.client.result.ParsedResultType[] values()
com.google.zxing.client.result.ParsedResultType: com.google.zxing.client.result.ParsedResultType valueOf(java.lang.String)
com.google.zxing.common.CharacterSetECI: com.google.zxing.common.CharacterSetECI[] values()
com.google.zxing.common.CharacterSetECI: com.google.zxing.common.CharacterSetECI valueOf(java.lang.String)
com.google.zxing.datamatrix.decoder.DecodedBitStreamParser$Mode: com.google.zxing.datamatrix.decoder.DecodedBitStreamParser$Mode[] values()
com.google.zxing.datamatrix.decoder.DecodedBitStreamParser$Mode: com.google.zxing.datamatrix.decoder.DecodedBitStreamParser$Mode valueOf(java.lang.String)
com.google.zxing.oned.rss.expanded.decoders.CurrentParsingState$State: com.google.zxing.oned.rss.expanded.decoders.CurrentParsingState$State[] values()
com.google.zxing.oned.rss.expanded.decoders.CurrentParsingState$State: com.google.zxing.oned.rss.expanded.decoders.CurrentParsingState$State valueOf(java.lang.String)
com.google.zxing.pdf417.decoder.DecodedBitStreamParser$Mode: com.google.zxing.pdf417.decoder.DecodedBitStreamParser$Mode[] values()
com.google.zxing.pdf417.decoder.DecodedBitStreamParser$Mode: com.google.zxing.pdf417.decoder.DecodedBitStreamParser$Mode valueOf(java.lang.String)