src/PeerDeviceNet_Core/proguard/mapping.txt
com.xconns.peerdevicenet.core.AidlConnAPIPeer -> com.xconns.peerdevicenet.core.a:
    com.xconns.peerdevicenet.core.CoreAPI router -> a
    com.xconns.peerdevicenet.IRouterConnectionService$Stub mBinder -> b
    void stop() -> a
    android.os.IBinder getBinder() -> b
com.xconns.peerdevicenet.core.AidlConnAPIPeer$1 -> com.xconns.peerdevicenet.core.b:
    com.xconns.peerdevicenet.core.AidlConnAPIPeer this$0 -> a
    void connect(int,com.xconns.peerdevicenet.DeviceInfo,byte[],int) -> a
    void disconnect(int,com.xconns.peerdevicenet.DeviceInfo) -> a
    void getDeviceInfo(int) -> f
    void getPeerDevices(int) -> g
    void shutdown() -> a
    void startPeerSearch(int,com.xconns.peerdevicenet.DeviceInfo,int) -> a
    void stopPeerSearch(int) -> d
    void acceptConnection(int,com.xconns.peerdevicenet.DeviceInfo) -> b
    void denyConnection(int,com.xconns.peerdevicenet.DeviceInfo,int) -> b
    int startSession(com.xconns.peerdevicenet.IRouterConnectionHandler) -> a
    void stopSession(int) -> a
    void getNetworks(int) -> b
    void getActiveNetwork(int) -> c
    void activateNetwork(int,com.xconns.peerdevicenet.NetInfo) -> a
    void setConnectionInfo(int,java.lang.String,boolean,int,int,int) -> a
    void getConnectionInfo(int) -> e
com.xconns.peerdevicenet.core.AidlConnAPIPeer$MyConnHandler -> com.xconns.peerdevicenet.core.c:
    com.xconns.peerdevicenet.IRouterConnectionHandler handler -> a
    com.xconns.peerdevicenet.core.AidlConnAPIPeer this$0 -> b
    void onError(java.lang.String) -> a
    void onConnected(com.xconns.peerdevicenet.DeviceInfo) -> a
    void onDisconnected(com.xconns.peerdevicenet.DeviceInfo) -> b
    void onGetDeviceInfo(com.xconns.peerdevicenet.DeviceInfo) -> c
    void onGetPeerDevices(com.xconns.peerdevicenet.DeviceInfo[]) -> a
    void onSearchStart(com.xconns.peerdevicenet.DeviceInfo) -> d
    void onSearchFoundDevice(com.xconns.peerdevicenet.DeviceInfo,boolean) -> a
    void onSearchComplete() -> a
    void onConnecting(com.xconns.peerdevicenet.DeviceInfo,byte[]) -> a
    void onConnectionFailed(com.xconns.peerdevicenet.DeviceInfo,int) -> a
    void onGetNetworks(com.xconns.peerdevicenet.NetInfo[]) -> a
    void onGetActiveNetwork(com.xconns.peerdevicenet.NetInfo) -> a
    void onNetworkConnected(com.xconns.peerdevicenet.NetInfo) -> b
    void onNetworkDisconnected(com.xconns.peerdevicenet.NetInfo) -> c
    void onNetworkActivated(com.xconns.peerdevicenet.NetInfo) -> d
    void onSetConnectionInfo() -> b
    void onGetConnectionInfo(java.lang.String,boolean,int,int,int) -> a
com.xconns.peerdevicenet.core.AidlGroupAPIPeer -> com.xconns.peerdevicenet.core.d:
    com.xconns.peerdevicenet.core.CoreAPI router -> a
    com.xconns.peerdevicenet.IRouterGroupService$Stub mBinder -> b
    void stop() -> a
    android.os.IBinder getBinder() -> b
com.xconns.peerdevicenet.core.AidlGroupAPIPeer$1 -> com.xconns.peerdevicenet.core.e:
    com.xconns.peerdevicenet.core.AidlGroupAPIPeer this$0 -> a
    void joinGroup(java.lang.String,com.xconns.peerdevicenet.DeviceInfo[],com.xconns.peerdevicenet.IRouterGroupHandler) -> a
    void leaveGroup(java.lang.String,com.xconns.peerdevicenet.IRouterGroupHandler) -> a
    void send(java.lang.String,com.xconns.peerdevicenet.DeviceInfo,byte[]) -> a
    void getPeerDevices(java.lang.String) -> a
com.xconns.peerdevicenet.core.AidlGroupAPIPeer$MyGroupHandler -> com.xconns.peerdevicenet.core.f:
    com.xconns.peerdevicenet.IRouterGroupHandler handler -> a
    com.xconns.peerdevicenet.core.AidlGroupAPIPeer this$0 -> b
    void onError(java.lang.String) -> a
    void onSelfJoin(com.xconns.peerdevicenet.DeviceInfo[]) -> a
    void onPeerJoin(com.xconns.peerdevicenet.DeviceInfo) -> a
    void onSelfLeave() -> a
    void onPeerLeave(com.xconns.peerdevicenet.DeviceInfo) -> b
    void onReceive(com.xconns.peerdevicenet.DeviceInfo,android.os.Bundle) -> a
    void onGetPeerDevices(com.xconns.peerdevicenet.DeviceInfo[]) -> b
...
com.xconns.peerdevicenet.cm.PreferenceLauncher$1 -> com.xconns.peerdevicenet.cm.ae:
    com.xconns.peerdevicenet.cm.PreferenceLauncher this$0 -> a
    void onClick(android.content.DialogInterface,int) -> onClick
com.xconns.peerdevicenet.cm.PreferenceLauncher$2 -> com.xconns.peerdevicenet.cm.af:
    com.xconns.peerdevicenet.cm.PreferenceLauncher this$0 -> a
    void onClick(android.content.DialogInterface,int) -> onClick
com.xconns.peerdevicenet.cm.PreferenceLauncher$3 -> com.xconns.peerdevicenet.cm.ag:
    com.xconns.peerdevicenet.cm.PreferenceLauncher this$0 -> a
    void onClick(android.content.DialogInterface,int) -> onClick
com.xconns.peerdevicenet.cm.ProgressPreference -> com.xconns.peerdevicenet.cm.ProgressPreference:
    android.widget.ProgressBar mProgress -> a
    boolean started -> b
    void onBindView(android.view.View) -> onBindView
    void startProgress() -> a
    void stopProgress() -> b
com.xconns.peerdevicenet.ctor.ConnectorActivity -> com.xconns.peerdevicenet.ctor.ConnectorActivity:
    android.widget.LinearLayout groupRole -> a
    android.widget.RadioGroup mQRConn -> b
    android.widget.RadioGroup mAutoConn -> c
    boolean isLeader -> d
    android.content.SharedPreferences settings -> e
    android.widget.LinearLayout groupNType -> f
    android.widget.CheckBox useSSLBox -> g
    boolean useSSL -> h
    android.widget.RadioGroup mTypes -> i
    android.widget.RadioButton wifiBtn -> j
    android.widget.RadioButton wifiDirectBtn -> k
    android.widget.RadioButton wifiHotspotBtn -> l
    int chosenNType -> m
    android.widget.TextView wifiInfo -> n
    android.widget.TextView wifiDirectInfo -> o
    android.widget.TextView wifiHotspotInfo -> p
    android.widget.TextView hotspotLockedInfo -> q
    java.lang.CharSequence wifiInfoText -> r
    java.lang.CharSequence wifiDirectInfoText -> s
    java.lang.CharSequence wifiHotspotInfoText -> t
    java.lang.CharSequence checkSetting -> u
    android.widget.LinearLayout groupPasswd -> v
    android.widget.EditText passwdText -> w
    android.widget.TextView enterBtn -> x
    android.widget.LinearLayout groupQRCode -> y
    android.widget.ImageView qrCodeView -> z
    com.xconns.peerdevicenet.ctor.QRCodeData qrData -> A
    android.widget.LinearLayout groupProg -> B
    android.widget.LinearLayout groupClose -> C
    android.widget.TextView dismissBtn -> D
    boolean Closed -> E
com.xconns.peerdevicenet.ctor.ConnectorActivity$1 -> com.xconns.peerdevicenet.ctor.a:
    com.xconns.peerdevicenet.ctor.ConnectorActivity this$0 -> a
    void onServiceConnected(android.content.ComponentName,android.os.IBinder) -> onServiceConnected
    void onServiceDisconnected(android.content.ComponentName) -> onServiceDisconnected
com.xconns.peerdevicenet.ctor.ConnectorActivity$10 -> com.xconns.peerdevicenet.ctor.b:
    com.xconns.peerdevicenet.ctor.ConnectorActivity this$0 -> a
    void onClick(android.content.DialogInterface,int) -> onClick
com.xconns.peerdevicenet.ctor.ConnectorActivity$11 -> com.xconns.peerdevicenet.ctor.c:
    com.xconns.peerdevicenet.ctor.ConnectorActivity this$0 -> a
    void onClick(android.content.DialogInterface,int) -> onClick
com.xconns.peerdevicenet.ctor.ConnectorActivity$12 -> com.xconns.peerdevicenet.ctor.d:
    com.xconns.peerdevicenet.ctor.ConnectorActivity this$0 -> a
    void onClick(android.content.DialogInterface,int) -> onClick
com.xconns.peerdevicenet.ctor.ConnectorActivity$2 -> com.xconns.peerdevicenet.ctor.e:
    com.xconns.peerdevicenet.ctor.ConnectorActivity this$0 -> a
    void handleMessage(android.os.Message) -> handleMessage
com.xconns.peerdevicenet.ctor.ConnectorActivity$3 -> com.xconns.peerdevicenet.ctor.f:
    com.xconns.peerdevicenet.ctor.ConnectorActivity this$0 -> a
    void onError(java.lang.String) -> a
    void onWifiDirectNotEnabled() -> a