src/PeerDeviceNet_Core/proguard/usage.txt
com.xconns.peerdevicenet.core.AidlConnAPIPeer:
    static final java.lang.String TAG
    47:47:public void sendMsg(android.content.Intent)
com.xconns.peerdevicenet.core.AidlGroupAPIPeer:
    static final java.lang.String TAG
    52:52:public void sendMsg(android.content.Intent)
com.xconns.peerdevicenet.core.AsyncJob
com.xconns.peerdevicenet.core.BluetoothTransport
com.xconns.peerdevicenet.core.BuildConfig
com.xconns.peerdevicenet.core.CloudTransport
com.xconns.peerdevicenet.core.ConnHandler:
    public abstract void onSearchStart(com.xconns.peerdevicenet.DeviceInfo)
    public abstract void onSearchFoundDevice(com.xconns.peerdevicenet.DeviceInfo,boolean)
    public abstract void onSearchComplete()
com.xconns.peerdevicenet.core.Connection:
    public static final int CONNECTING
    public static final int CONNECTED
    public static final int DISCONNECTED
com.xconns.peerdevicenet.core.Connector
com.xconns.peerdevicenet.core.DiscoveryLeaderThread:
    public static final java.lang.String TAG
    public static final int DISCOVERY_RENDEZVOUS_PORT
com.xconns.peerdevicenet.core.DiscoveryMemberThread:
    public static final java.lang.String TAG
    120:130:public boolean connect()
com.xconns.peerdevicenet.core.DiscoveryMulticastThread:
    public static final java.lang.String TAG
com.xconns.peerdevicenet.core.IntentingAPIPeer:
    private static final java.lang.String TAG
    173:173:public android.os.IBinder getBinder()
com.xconns.peerdevicenet.core.Manifest
com.xconns.peerdevicenet.core.Manifest$permission
com.xconns.peerdevicenet.core.Manifest$permission_group
com.xconns.peerdevicenet.core.MessengerAPIPeer:
    private static final java.lang.String TAG
    417:417:public void sendMsg(android.content.Intent)
com.xconns.peerdevicenet.core.MobileTransport
com.xconns.peerdevicenet.core.Peer
com.xconns.peerdevicenet.core.R
com.xconns.peerdevicenet.core.R$array
com.xconns.peerdevicenet.core.R$attr
com.xconns.peerdevicenet.core.R$color
com.xconns.peerdevicenet.core.R$dimen
com.xconns.peerdevicenet.core.R$drawable
com.xconns.peerdevicenet.core.R$id
com.xconns.peerdevicenet.core.R$layout
com.xconns.peerdevicenet.core.R$raw
com.xconns.peerdevicenet.core.R$string
com.xconns.peerdevicenet.core.R$style
com.xconns.peerdevicenet.core.R$xml
com.xconns.peerdevicenet.core.RouterService:
    private static final java.lang.String TAG
com.xconns.peerdevicenet.core.TCPConnection:
    private static final java.lang.String TAG
    public static final int DEF_PEER_LIVENESS_TIMEOUT
    static final int HB_REQ
    static final int HB_RSP
com.xconns.peerdevicenet.core.TCPConnector:
    private static final java.lang.String TAG
com.xconns.peerdevicenet.core.Transport:
    public abstract boolean isEnabled()
    public abstract boolean isNetworkConnected()
    public abstract int getType()
    public abstract com.xconns.peerdevicenet.utils.Utils$IntfAddr getIntfAddr()
    public abstract void configureNetwork()
    public abstract void createNetwork()
    public abstract void removeNetwork()
com.xconns.peerdevicenet.core.TransportManager:
    public static final java.lang.String TAG
    104:104:public com.xconns.peerdevicenet.NetInfo getNetwork(int)
    128:135:public int getNumNetworks()
    139:146:public int getNumTransports()
    150:150:public com.xconns.peerdevicenet.core.Transport setActiveTransport(int)
    154:154:public com.xconns.peerdevicenet.core.Transport getActiveTransport()
    158:165:public com.xconns.peerdevicenet.core.Transport[] getAllTransports()
    169:170:public boolean isEnabled(int)
    198:201:void configureNetwork()
    205:208:void createNetwork()
    211:214:void removeNetwork()
...
com.google.zxing.datamatrix.decoder.DecodedBitStreamParser:
    79:80:private DecodedBitStreamParser()
com.google.zxing.datamatrix.decoder.Decoder:
    51:60:public com.google.zxing.common.DecoderResult decode(boolean[][])
com.google.zxing.maxicode.MaxiCodeReader:
    private static final int MATRIX_WIDTH
    private static final int MATRIX_HEIGHT
    47:47:com.google.zxing.maxicode.decoder.Decoder getDecoder()
    60:60:public com.google.zxing.Result decode(com.google.zxing.BinaryBitmap)
com.google.zxing.maxicode.decoder.DecodedBitStreamParser:
    private static final char SHIFTA
    private static final char SHIFTB
    private static final char SHIFTC
    private static final char SHIFTD
    private static final char SHIFTE
    private static final char TWOSHIFTA
    private static final char THREESHIFTA
    private static final char LATCHA
    private static final char LATCHB
    private static final char LOCK
    private static final char ECI
    private static final char NS
    private static final char PAD
    private static final char FS
    private static final char GS
    private static final char RS
    60:61:private DecodedBitStreamParser()
com.google.zxing.maxicode.decoder.Decoder:
    private static final int ALL
    private static final int EVEN
    private static final int ODD
    49:49:public com.google.zxing.common.DecoderResult decode(com.google.zxing.common.BitMatrix)
com.google.zxing.multi.ByQuadrantReader
com.google.zxing.multi.GenericMultipleBarcodeReader
com.google.zxing.multi.MultipleBarcodeReader
com.google.zxing.multi.qrcode.QRCodeMultiReader
com.google.zxing.multi.qrcode.detector.MultiDetector
com.google.zxing.multi.qrcode.detector.MultiFinderPatternFinder
com.google.zxing.multi.qrcode.detector.MultiFinderPatternFinder$1
com.google.zxing.multi.qrcode.detector.MultiFinderPatternFinder$ModuleSizeComparator
com.google.zxing.oned.CodaBarReader:
    private static final int MAX_ACCEPTABLE
    private static final int PADDING
    private static final java.lang.String ALPHABET_STRING
    private static final int MIN_CHARACTER_LENGTH
com.google.zxing.oned.Code128Reader:
    private static final int MAX_AVG_VARIANCE
    private static final int MAX_INDIVIDUAL_VARIANCE
    private static final int CODE_SHIFT
    private static final int CODE_CODE_C
    private static final int CODE_CODE_B
    private static final int CODE_CODE_A
    private static final int CODE_FNC_1
    private static final int CODE_FNC_2
    private static final int CODE_FNC_3
    private static final int CODE_FNC_4_A
    private static final int CODE_FNC_4_B
    private static final int CODE_START_A
    private static final int CODE_START_B
    private static final int CODE_START_C
    private static final int CODE_STOP
com.google.zxing.oned.Code128Writer:
    private static final int CODE_START_B
    private static final int CODE_START_C
    private static final int CODE_CODE_B
    private static final int CODE_CODE_C
    private static final int CODE_STOP
    private static final char ESCAPE_FNC_1
    private static final char ESCAPE_FNC_2
    private static final char ESCAPE_FNC_3
    private static final char ESCAPE_FNC_4
    private static final int CODE_FNC_1
    private static final int CODE_FNC_2
    private static final int CODE_FNC_3
    private static final int CODE_FNC_4_B
com.google.zxing.oned.Code39Reader:
    static final java.lang.String ALPHABET_STRING
com.google.zxing.oned.Code93Reader:
    private static final java.lang.String ALPHABET_STRING
com.google.zxing.oned.EAN13Writer:
    private static final int CODE_WIDTH
com.google.zxing.oned.EAN8Writer:
    private static final int CODE_WIDTH
com.google.zxing.oned.ITFReader:
    private static final int MAX_AVG_VARIANCE
    private static final int MAX_INDIVIDUAL_VARIANCE
    private static final int W
    private static final int N